Starting audit...
[ERROR] F:\6057_ADS1\Module 17\TaxiCabNumbers\Solution.java:221:23: Parameter k should be final. [FinalParameters]
[ERROR] F:\6057_ADS1\Module 17\TaxiCabNumbers\Solution.java:234:23: Parameter k should be final. [FinalParameters]
Audit done.
Checkstyle ends with 2 errors.
