Starting audit...
[ERROR] F:\6057_ADS1\Module 22\22.1 Ransom Note\Solution.java:6:1: Utility classes should not have a public or default constructor. [HideUtilityClassConstructor]
[ERROR] F:\6057_ADS1\Module 22\22.1 Ransom Note\Solution.java:7:1: File contains tab characters (this is the first instance). [FileTabCharacter]
[ERROR] F:\6057_ADS1\Module 22\22.1 Ransom Note\Solution.java:25: Line is longer than 80 characters (found 100). [LineLength]
[ERROR] F:\6057_ADS1\Module 22\22.1 Ransom Note\Solution.java:26: Line is longer than 80 characters (found 102). [LineLength]
[ERROR] F:\6057_ADS1\Module 22\22.1 Ransom Note\Solution.java:69: First sentence should end with a period. [JavadocStyle]
[ERROR] F:\6057_ADS1\Module 22\22.1 Ransom Note\Solution.java:74: First sentence should end with a period. [JavadocStyle]
[ERROR] F:\6057_ADS1\Module 22\22.1 Ransom Note\Solution.java:93:5: Redundant 'public' modifier. [RedundantModifier]
[ERROR] F:\6057_ADS1\Module 22\22.1 Ransom Note\Solution.java:102:5: Redundant 'public' modifier. [RedundantModifier]
[ERROR] F:\6057_ADS1\Module 22\22.1 Ransom Note\Solution.java:102:45: 'm' hides a field. [HiddenField]
[ERROR] F:\6057_ADS1\Module 22\22.1 Ransom Note\Solution.java:105: 'for' construct must use '{}'s. [NeedBraces]
[ERROR] F:\6057_ADS1\Module 22\22.1 Ransom Note\Solution.java:118:34: '0x7fffffff' is a magic number. [MagicNumber]
[ERROR] F:\6057_ADS1\Module 22\22.1 Ransom Note\Solution.java:142: First sentence should end with a period. [JavadocStyle]
[ERROR] F:\6057_ADS1\Module 22\22.1 Ransom Note\Solution.java:161: 'if' construct must use '{}'s. [NeedBraces]
[ERROR] F:\6057_ADS1\Module 22\22.1 Ransom Note\Solution.java:174:5: Missing a Javadoc comment. [JavadocVariable]
[ERROR] F:\6057_ADS1\Module 22\22.1 Ransom Note\Solution.java:175:5: Missing a Javadoc comment. [JavadocVariable]
[ERROR] F:\6057_ADS1\Module 22\22.1 Ransom Note\Solution.java:178: Missing a Javadoc comment. [JavadocType]
[ERROR] F:\6057_ADS1\Module 22\22.1 Ransom Note\Solution.java:179:9: Missing a Javadoc comment. [JavadocVariable]
[ERROR] F:\6057_ADS1\Module 22\22.1 Ransom Note\Solution.java:180:9: Missing a Javadoc comment. [JavadocVariable]
[ERROR] F:\6057_ADS1\Module 22\22.1 Ransom Note\Solution.java:181:9: Missing a Javadoc comment. [JavadocVariable]
[ERROR] F:\6057_ADS1\Module 22\22.1 Ransom Note\Solution.java:183:9: Missing a Javadoc comment. [JavadocMethod]
[ERROR] F:\6057_ADS1\Module 22\22.1 Ransom Note\Solution.java:183:9: Redundant 'public' modifier. [RedundantModifier]
[ERROR] F:\6057_ADS1\Module 22\22.1 Ransom Note\Solution.java:183:21: Parameter key should be final. [FinalParameters]
[ERROR] F:\6057_ADS1\Module 22\22.1 Ransom Note\Solution.java:183:25: 'key' hides a field. [HiddenField]
[ERROR] F:\6057_ADS1\Module 22\22.1 Ransom Note\Solution.java:183:30: Parameter val should be final. [FinalParameters]
[ERROR] F:\6057_ADS1\Module 22\22.1 Ransom Note\Solution.java:183:36: 'val' hides a field. [HiddenField]
[ERROR] F:\6057_ADS1\Module 22\22.1 Ransom Note\Solution.java:183:41: Parameter next should be final. [FinalParameters]
[ERROR] F:\6057_ADS1\Module 22\22.1 Ransom Note\Solution.java:183:46: 'next' hides a field. [HiddenField]
[ERROR] F:\6057_ADS1\Module 22\22.1 Ransom Note\Solution.java:193:5: Redundant 'public' modifier. [RedundantModifier]
[ERROR] F:\6057_ADS1\Module 22\22.1 Ransom Note\Solution.java:223:29: Parameter key should be final. [FinalParameters]
[ERROR] F:\6057_ADS1\Module 22\22.1 Ransom Note\Solution.java:224: 'if' construct must use '{}'s. [NeedBraces]
[ERROR] F:\6057_ADS1\Module 22\22.1 Ransom Note\Solution.java:224: Line is longer than 80 characters (found 94). [LineLength]
[ERROR] F:\6057_ADS1\Module 22\22.1 Ransom Note\Solution.java:232: Line is longer than 80 characters (found 88). [LineLength]
[ERROR] F:\6057_ADS1\Module 22\22.1 Ransom Note\Solution.java:236:22: Parameter key should be final. [FinalParameters]
[ERROR] F:\6057_ADS1\Module 22\22.1 Ransom Note\Solution.java:238: 'if' construct must use '{}'s. [NeedBraces]
[ERROR] F:\6057_ADS1\Module 22\22.1 Ransom Note\Solution.java:245:5: Missing a Javadoc comment. [JavadocMethod]
[ERROR] F:\6057_ADS1\Module 22\22.1 Ransom Note\Solution.java:245:21: Parameter key should be final. [FinalParameters]
[ERROR] F:\6057_ADS1\Module 22\22.1 Ransom Note\Solution.java:245:30: Parameter val should be final. [FinalParameters]
Audit done.
Checkstyle ends with 37 errors.
